This is pdfTeX, Version 3.1415926-1.40.11 (TeX Live 2010) (format=latex 2010.11.10)  2 DEC 2010 22:22
entering extended mode
 restricted \write18 enabled.
 %&-line parsing enabled.
**pgfSweave-example.tex
(./pgfSweave-example.tex
LaTeX2e <2009/09/24>
Babel <v3.8l> and hyphenation patterns for english, dumylang, nohyphenation, ge
rman-x-2009-06-19, ngerman-x-2009-06-19, afrikaans, ancientgreek, ibycus, arabi
c, armenian, basque, bulgarian, catalan, pinyin, coptic, croatian, czech, danis
h, dutch, ukenglish, usenglishmax, esperanto, estonian, farsi, finnish, french,
 galician, german, ngerman, swissgerman, monogreek, greek, hungarian, icelandic
, assamese, bengali, gujarati, hindi, kannada, malayalam, marathi, oriya, panja
bi, tamil, telugu, indonesian, interlingua, irish, italian, kurmanji, lao, lati
n, latvian, lithuanian, mongolian, mongolianlmc, bokmal, nynorsk, polish, portu
guese, romanian, russian, sanskrit, serbian, slovak, slovenian, spanish, swedis
h, turkish, turkmen, ukrainian, uppersorbian, welsh, loaded.
(/usr/local/texlive/2010/texmf-dist/tex/latex/base/article.cls
Document Class: article 2007/10/19 v1.4h Standard LaTeX document class
(/usr/local/texlive/2010/texmf-dist/tex/latex/base/size10.clo
File: size10.clo 2007/10/19 v1.4h Standard LaTeX file (size option)
)
\c@part=\count79
\c@section=\count80
\c@subsection=\count81
\c@subsubsection=\count82
\c@paragraph=\count83
\c@subparagraph=\count84
\c@figure=\count85
\c@table=\count86
\abovecaptionskip=\skip41
\belowcaptionskip=\skip42
\bibindent=\dimen102
)
(/Users/cameron/Library/texmf/tex/latex/pgf/tex/latex/pgf/frontendlayer/tikz.st
y (/Users/cameron/Library/texmf/tex/latex/pgf/tex/latex/pgf/basiclayer/pgf.sty
(/Users/cameron/Library/texmf/tex/latex/pgf/tex/latex/pgf/utilities/pgfrcs.sty
(/Users/cameron/Library/texmf/tex/latex/pgf/tex/generic/pgf/utilities/pgfutil-c
ommon.tex
\pgfutil@everybye=\toks14
)
(/Users/cameron/Library/texmf/tex/latex/pgf/tex/generic/pgf/utilities/pgfutil-l
atex.def
\pgfutil@abb=\box26
 (/usr/local/texlive/2010/texmf-dist/tex/latex/ms/everyshi.sty
Package: everyshi 2001/05/15 v3.00 EveryShipout Package (MS)
))
(/Users/cameron/Library/texmf/tex/latex/pgf/tex/generic/pgf/utilities/pgfrcs.co
de.tex
Package: pgfrcs 2008/05/19 v2.00-cvs (rcs-revision 1.22)
))
Package: pgf 2008/01/15 v2.00-cvs (rcs-revision 1.12)

(/Users/cameron/Library/texmf/tex/latex/pgf/tex/latex/pgf/basiclayer/pgfcore.st
y (/usr/local/texlive/2010/texmf-dist/tex/latex/graphics/graphicx.sty
Package: graphicx 1999/02/16 v1.0f Enhanced LaTeX Graphics (DPC,SPQR)

(/usr/local/texlive/2010/texmf-dist/tex/latex/graphics/keyval.sty
Package: keyval 1999/03/16 v1.13 key=value parser (DPC)
\KV@toks@=\toks15
)
(/usr/local/texlive/2010/texmf-dist/tex/latex/graphics/graphics.sty
Package: graphics 2009/02/05 v1.0o Standard LaTeX Graphics (DPC,SPQR)

(/usr/local/texlive/2010/texmf-dist/tex/latex/graphics/trig.sty
Package: trig 1999/03/16 v1.09 sin cos tan (DPC)
)
(/usr/local/texlive/2010/texmf-dist/tex/latex/latexconfig/graphics.cfg
File: graphics.cfg 2010/04/23 v1.9 graphics configuration of TeX Live
)
Package graphics Info: Driver file: dvips.def on input line 91.

(/usr/local/texlive/2010/texmf-dist/tex/latex/graphics/dvips.def
File: dvips.def 1999/02/16 v3.0i Driver-dependant file (DPC,SPQR)
))
\Gin@req@height=\dimen103
\Gin@req@width=\dimen104
)
(/Users/cameron/Library/texmf/tex/latex/pgf/tex/latex/pgf/systemlayer/pgfsys.st
y
(/Users/cameron/Library/texmf/tex/latex/pgf/tex/generic/pgf/systemlayer/pgfsys.
code.tex
Package: pgfsys 2009/11/29 v2.00-cvs (rcs-revision 1.35)

(/Users/cameron/Library/texmf/tex/latex/pgf/tex/generic/pgf/utilities/pgfkeys.c
ode.tex
\pgfkeys@pathtoks=\toks16
\pgfkeys@temptoks=\toks17

(/Users/cameron/Library/texmf/tex/latex/pgf/tex/generic/pgf/utilities/pgfkeysfi
ltered.code.tex
\pgfkeys@tmptoks=\toks18
))
\pgf@x=\dimen105
\pgf@y=\dimen106
\pgf@xa=\dimen107
\pgf@ya=\dimen108
\pgf@xb=\dimen109
\pgf@yb=\dimen110
\pgf@xc=\dimen111
\pgf@yc=\dimen112
\w@pgf@writea=\write3
\r@pgf@reada=\read1
\c@pgf@counta=\count87
\c@pgf@countb=\count88
\c@pgf@countc=\count89
\c@pgf@countd=\count90

(/Users/cameron/Library/texmf/tex/latex/pgf/tex/generic/pgf/systemlayer/pgf.cfg
File: pgf.cfg 2008/05/14  (rcs-revision 1.7)
)
Package pgfsys Info: Driver file for pgf: pgfsys-dvips.def on input line 895.

(/Users/cameron/Library/texmf/tex/latex/pgf/tex/generic/pgf/systemlayer/pgfsys-
dvips.def
File: pgfsys-dvips.def 2008/04/03  (rcs-revision 1.20)

(/Users/cameron/Library/texmf/tex/latex/pgf/tex/generic/pgf/systemlayer/pgfsys-
common-postscript.def
File: pgfsys-common-postscript.def 2008/10/01  (rcs-revision 1.22)
\pgf@objectcount=\count91
)))
(/Users/cameron/Library/texmf/tex/latex/pgf/tex/generic/pgf/systemlayer/pgfsyss
oftpath.code.tex
File: pgfsyssoftpath.code.tex 2008/07/18  (rcs-revision 1.7)
\pgfsyssoftpath@smallbuffer@items=\count92
\pgfsyssoftpath@bigbuffer@items=\count93
)
(/Users/cameron/Library/texmf/tex/latex/pgf/tex/generic/pgf/systemlayer/pgfsysp
rotocol.code.tex
File: pgfsysprotocol.code.tex 2006/10/16  (rcs-revision 1.4)
))
(/usr/local/texlive/2010/texmf-dist/tex/latex/xcolor/xcolor.sty
Package: xcolor 2007/01/21 v2.11 LaTeX color extensions (UK)

(/usr/local/texlive/2010/texmf-dist/tex/latex/latexconfig/color.cfg
File: color.cfg 2007/01/18 v1.5 color configuration of teTeX/TeXLive
)
Package xcolor Info: Driver file: dvips.def on input line 225.
Package xcolor Info: Model `cmy' substituted by `cmy0' on input line 1337.
Package xcolor Info: Model `RGB' extended on input line 1353.
Package xcolor Info: Model `HTML' substituted by `rgb' on input line 1355.
Package xcolor Info: Model `Hsb' substituted by `hsb' on input line 1356.
Package xcolor Info: Model `tHsb' substituted by `hsb' on input line 1357.
Package xcolor Info: Model `HSB' substituted by `hsb' on input line 1358.
Package xcolor Info: Model `Gray' substituted by `gray' on input line 1359.
Package xcolor Info: Model `wave' substituted by `hsb' on input line 1360.
)
(/Users/cameron/Library/texmf/tex/latex/pgf/tex/generic/pgf/basiclayer/pgfcore.
code.tex
Package: pgfcore 2008/01/15 v2.00-cvs (rcs-revision 1.6)

(/Users/cameron/Library/texmf/tex/latex/pgf/tex/generic/pgf/math/pgfmath.code.t
ex
(/Users/cameron/Library/texmf/tex/latex/pgf/tex/generic/pgf/math/pgfmathcalc.co
de.tex
(/Users/cameron/Library/texmf/tex/latex/pgf/tex/generic/pgf/math/pgfmathutil.co
de.tex)
(/Users/cameron/Library/texmf/tex/latex/pgf/tex/generic/pgf/math/pgfmathparser.
code.tex
\pgfmath@dimen=\dimen113
\pgfmath@count=\count94
\pgfmath@box=\box27
\pgfmath@toks=\toks19
\pgfmath@stack@operand=\toks20
\pgfmath@stack@operation=\toks21
)
(/Users/cameron/Library/texmf/tex/latex/pgf/tex/generic/pgf/math/pgfmathfunctio
ns.code.tex
(/Users/cameron/Library/texmf/tex/latex/pgf/tex/generic/pgf/math/pgfmathfunctio
ns.basic.code.tex)
(/Users/cameron/Library/texmf/tex/latex/pgf/tex/generic/pgf/math/pgfmathfunctio
ns.trigonometric.code.tex)
(/Users/cameron/Library/texmf/tex/latex/pgf/tex/generic/pgf/math/pgfmathfunctio
ns.random.code.tex)
(/Users/cameron/Library/texmf/tex/latex/pgf/tex/generic/pgf/math/pgfmathfunctio
ns.comparison.code.tex)
(/Users/cameron/Library/texmf/tex/latex/pgf/tex/generic/pgf/math/pgfmathfunctio
ns.base.code.tex)
(/Users/cameron/Library/texmf/tex/latex/pgf/tex/generic/pgf/math/pgfmathfunctio
ns.round.code.tex)
(/Users/cameron/Library/texmf/tex/latex/pgf/tex/generic/pgf/math/pgfmathfunctio
ns.misc.code.tex)))
(/Users/cameron/Library/texmf/tex/latex/pgf/tex/generic/pgf/math/pgfmathfloat.c
ode.tex
\c@pgfmathroundto@lastzeros=\count95
))
(/Users/cameron/Library/texmf/tex/latex/pgf/tex/generic/pgf/basiclayer/pgfcorep
oints.code.tex
File: pgfcorepoints.code.tex 2009/04/18  (rcs-revision 1.19)
\pgf@picminx=\dimen114
\pgf@picmaxx=\dimen115
\pgf@picminy=\dimen116
\pgf@picmaxy=\dimen117
\pgf@pathminx=\dimen118
\pgf@pathmaxx=\dimen119
\pgf@pathminy=\dimen120
\pgf@pathmaxy=\dimen121
\pgf@xx=\dimen122
\pgf@xy=\dimen123
\pgf@yx=\dimen124
\pgf@yy=\dimen125
\pgf@zx=\dimen126
\pgf@zy=\dimen127
)
(/Users/cameron/Library/texmf/tex/latex/pgf/tex/generic/pgf/basiclayer/pgfcorep
athconstruct.code.tex
File: pgfcorepathconstruct.code.tex 2009/01/22  (rcs-revision 1.21)
\pgf@path@lastx=\dimen128
\pgf@path@lasty=\dimen129
)
(/Users/cameron/Library/texmf/tex/latex/pgf/tex/generic/pgf/basiclayer/pgfcorep
athusage.code.tex
File: pgfcorepathusage.code.tex 2008/04/22  (rcs-revision 1.12)
\pgf@shorten@end@additional=\dimen130
\pgf@shorten@start@additional=\dimen131
)
(/Users/cameron/Library/texmf/tex/latex/pgf/tex/generic/pgf/basiclayer/pgfcores
copes.code.tex
File: pgfcorescopes.code.tex 2009/03/22  (rcs-revision 1.28)
\pgfpic=\box28
\pgf@hbox=\box29
\pgf@layerbox@main=\box30
\pgf@picture@serial@count=\count96
)
(/Users/cameron/Library/texmf/tex/latex/pgf/tex/generic/pgf/basiclayer/pgfcoreg
raphicstate.code.tex
File: pgfcoregraphicstate.code.tex 2008/04/22  (rcs-revision 1.9)
\pgflinewidth=\dimen132
)
(/Users/cameron/Library/texmf/tex/latex/pgf/tex/generic/pgf/basiclayer/pgfcoret
ransformations.code.tex
File: pgfcoretransformations.code.tex 2009/06/10  (rcs-revision 1.11)
\pgf@pt@x=\dimen133
\pgf@pt@y=\dimen134
\pgf@pt@temp=\dimen135
)
(/Users/cameron/Library/texmf/tex/latex/pgf/tex/generic/pgf/basiclayer/pgfcoreq
uick.code.tex
File: pgfcorequick.code.tex 2008/10/09  (rcs-revision 1.3)
)
(/Users/cameron/Library/texmf/tex/latex/pgf/tex/generic/pgf/basiclayer/pgfcoreo
bjects.code.tex
File: pgfcoreobjects.code.tex 2006/10/11  (rcs-revision 1.2)
)
(/Users/cameron/Library/texmf/tex/latex/pgf/tex/generic/pgf/basiclayer/pgfcorep
athprocessing.code.tex
File: pgfcorepathprocessing.code.tex 2008/10/09  (rcs-revision 1.8)
)
(/Users/cameron/Library/texmf/tex/latex/pgf/tex/generic/pgf/basiclayer/pgfcorea
rrows.code.tex
File: pgfcorearrows.code.tex 2008/04/23  (rcs-revision 1.11)
)
(/Users/cameron/Library/texmf/tex/latex/pgf/tex/generic/pgf/basiclayer/pgfcores
hade.code.tex
File: pgfcoreshade.code.tex 2008/11/23  (rcs-revision 1.13)
\pgf@max=\dimen136
\pgf@sys@shading@range@num=\count97
)
(/Users/cameron/Library/texmf/tex/latex/pgf/tex/generic/pgf/basiclayer/pgfcorei
mage.code.tex
File: pgfcoreimage.code.tex 2010/02/16  (rcs-revision 1.12)
\pgfexternal@startupbox=\box31
)
(/Users/cameron/Library/texmf/tex/latex/pgf/tex/generic/pgf/basiclayer/pgfcorel
ayers.code.tex
File: pgfcorelayers.code.tex 2008/01/15  (rcs-revision 1.1)
)
(/Users/cameron/Library/texmf/tex/latex/pgf/tex/generic/pgf/basiclayer/pgfcoret
ransparency.code.tex
File: pgfcoretransparency.code.tex 2008/01/17  (rcs-revision 1.2)
)
(/Users/cameron/Library/texmf/tex/latex/pgf/tex/generic/pgf/basiclayer/pgfcorep
atterns.code.tex
File: pgfcorepatterns.code.tex 2009/07/02  (rcs-revision 1.3)
)))
(/Users/cameron/Library/texmf/tex/latex/pgf/tex/generic/pgf/modules/pgfmodulesh
apes.code.tex
File: pgfmoduleshapes.code.tex 2009/10/13  (rcs-revision 1.9)
\pgfnodeparttextbox=\box32
)
(/Users/cameron/Library/texmf/tex/latex/pgf/tex/generic/pgf/modules/pgfmodulepl
ot.code.tex
File: pgfmoduleplot.code.tex 2009/12/02  (rcs-revision 1.6)
)
(/Users/cameron/Library/texmf/tex/latex/pgf/tex/latex/pgf/compatibility/pgfcomp
-version-0-65.sty
Package: pgfcomp-version-0-65 2007/07/03 v2.00-cvs (rcs-revision 1.7)
\pgf@nodesepstart=\dimen137
\pgf@nodesepend=\dimen138
)
(/Users/cameron/Library/texmf/tex/latex/pgf/tex/latex/pgf/compatibility/pgfcomp
-version-1-18.sty
Package: pgfcomp-version-1-18 2007/07/23 v2.00-cvs (rcs-revision 1.1)
))
(/Users/cameron/Library/texmf/tex/latex/pgf/tex/latex/pgf/utilities/pgffor.sty
(/Users/cameron/Library/texmf/tex/latex/pgf/tex/latex/pgf/utilities/pgfkeys.sty

(/Users/cameron/Library/texmf/tex/latex/pgf/tex/generic/pgf/utilities/pgfkeys.c
ode.tex))
(/Users/cameron/Library/texmf/tex/latex/pgf/tex/generic/pgf/utilities/pgffor.co
de.tex
Package: pgffor 2010/02/22 v2.00-cvs (rcs-revision 1.17)
\pgffor@iter=\dimen139
\pgffor@skip=\dimen140
))
(/Users/cameron/Library/texmf/tex/latex/pgf/tex/generic/pgf/frontendlayer/tikz/
tikz.code.tex
Package: tikz 2009/12/29 v2.00-cvs (rcs-revision 1.65)

(/Users/cameron/Library/texmf/tex/latex/pgf/tex/generic/pgf/libraries/pgflibrar
yplothandlers.code.tex
File: pgflibraryplothandlers.code.tex 2009/11/18 v2.00-cvs (rcs-revision 1.14)
\pgf@plot@mark@count=\count98
\pgfplotmarksize=\dimen141
)
\tikz@lastx=\dimen142
\tikz@lasty=\dimen143
\tikz@lastxsaved=\dimen144
\tikz@lastysaved=\dimen145
\tikzleveldistance=\dimen146
\tikzsiblingdistance=\dimen147
\tikz@figbox=\box33
\tikz@tempbox=\box34
\tikztreelevel=\count99
\tikznumberofchildren=\count100
\tikznumberofcurrentchild=\count101
\tikz@fig@count=\count102

(/Users/cameron/Library/texmf/tex/latex/pgf/tex/generic/pgf/modules/pgfmodulema
trix.code.tex
File: pgfmodulematrix.code.tex 2008/11/24  (rcs-revision 1.3)
\pgfmatrixcurrentrow=\count103
\pgfmatrixcurrentcolumn=\count104
\pgf@matrix@numberofcolumns=\count105
)
\tikz@expandcount=\count106

(/Users/cameron/Library/texmf/tex/latex/pgf/tex/generic/pgf/frontendlayer/tikz/
libraries/tikzlibrarytopaths.code.tex
File: tikzlibrarytopaths.code.tex 2008/06/17 v2.00-cvs (rcs-revision 1.2)
)))
(/usr/local/texlive/2010/texmf-dist/tex/latex/geometry/geometry.sty
Package: geometry 2010/09/12 v5.6 Page Geometry

(/usr/local/texlive/2010/texmf-dist/tex/generic/oberdiek/ifpdf.sty
Package: ifpdf 2010/01/28 v2.1 Provides the ifpdf switch (HO)
Package ifpdf Info: pdfTeX in pdf mode not detected.
)
(/usr/local/texlive/2010/texmf-dist/tex/generic/oberdiek/ifvtex.sty
Package: ifvtex 2010/03/01 v1.5 Switches for detecting VTeX and its modes (HO)
Package ifvtex Info: VTeX not detected.
)
(/usr/local/texlive/2010/texmf-dist/tex/generic/ifxetex/ifxetex.sty
Package: ifxetex 2010/09/12 v0.6 Provides ifxetex conditional
)
\Gm@cnth=\count107
\Gm@cntv=\count108
\c@Gm@tempcnt=\count109
\Gm@bindingoffset=\dimen148
\Gm@wd@mp=\dimen149
\Gm@odd@mp=\dimen150
\Gm@even@mp=\dimen151
\Gm@layoutwidth=\dimen152
\Gm@layoutheight=\dimen153
\Gm@layouthoffset=\dimen154
\Gm@layoutvoffset=\dimen155
\Gm@dimlist=\toks22
)
\hlnormalsizeboxclosebrace=\box35
\hlnormalsizeboxopenbrace=\box36
\hlnormalsizeboxbackslash=\box37
\hlnormalsizeboxlessthan=\box38
\hlnormalsizeboxgreaterthan=\box39
\hlnormalsizeboxdollar=\box40
\hlnormalsizeboxunderscore=\box41
\hlnormalsizeboxand=\box42
\hlnormalsizeboxhash=\box43
\hlnormalsizeboxat=\box44
\hlnormalsizeboxpercent=\box45
\hlnormalsizeboxhat=\box46
\hlnormalsizeboxsinglequote=\box47
\hlnormalsizeboxbacktick=\box48
\hltinyboxclosebrace=\box49
\hltinyboxopenbrace=\box50
\hltinyboxbackslash=\box51
\hltinyboxlessthan=\box52
\hltinyboxgreaterthan=\box53
\hltinyboxdollar=\box54
\hltinyboxunderscore=\box55
\hltinyboxand=\box56
\hltinyboxhash=\box57
\hltinyboxat=\box58
\hltinyboxpercent=\box59
\hltinyboxhat=\box60
\hltinyboxsinglequote=\box61
\hltinyboxbacktick=\box62
\hlscriptsizeboxclosebrace=\box63
\hlscriptsizeboxopenbrace=\box64
\hlscriptsizeboxbackslash=\box65
\hlscriptsizeboxlessthan=\box66
\hlscriptsizeboxgreaterthan=\box67
\hlscriptsizeboxdollar=\box68
\hlscriptsizeboxunderscore=\box69
\hlscriptsizeboxand=\box70
\hlscriptsizeboxhash=\box71
\hlscriptsizeboxat=\box72
\hlscriptsizeboxpercent=\box73
\hlscriptsizeboxhat=\box74
\hlscriptsizeboxsinglequote=\box75
\hlscriptsizeboxbacktick=\box76
\hlfootnotesizeboxclosebrace=\box77
\hlfootnotesizeboxopenbrace=\box78
\hlfootnotesizeboxbackslash=\box79
\hlfootnotesizeboxlessthan=\box80
\hlfootnotesizeboxgreaterthan=\box81
\hlfootnotesizeboxdollar=\box82
\hlfootnotesizeboxunderscore=\box83
\hlfootnotesizeboxand=\box84
\hlfootnotesizeboxhash=\box85
\hlfootnotesizeboxat=\box86
\hlfootnotesizeboxpercent=\box87
\hlfootnotesizeboxhat=\box88
\hlfootnotesizeboxsinglequote=\box89
\hlfootnotesizeboxbacktick=\box90
\hlsmallboxclosebrace=\box91
\hlsmallboxopenbrace=\box92
\hlsmallboxbackslash=\box93
\hlsmallboxlessthan=\box94
\hlsmallboxgreaterthan=\box95
\hlsmallboxdollar=\box96
\hlsmallboxunderscore=\box97
\hlsmallboxand=\box98
\hlsmallboxhash=\box99
\hlsmallboxat=\box100
\hlsmallboxpercent=\box101
\hlsmallboxhat=\box102
\hlsmallboxsinglequote=\box103
\hlsmallboxbacktick=\box104
\hllargeboxclosebrace=\box105
\hllargeboxopenbrace=\box106
\hllargeboxbackslash=\box107
\hllargeboxlessthan=\box108
\hllargeboxgreaterthan=\box109
\hllargeboxdollar=\box110
\hllargeboxunderscore=\box111
\hllargeboxand=\box112
\hllargeboxhash=\box113
\hllargeboxat=\box114
\hllargeboxpercent=\box115
\hllargeboxhat=\box116
\hllargeboxsinglequote=\box117
\hllargeboxbacktick=\box118
\hlLargeboxclosebrace=\box119
\hlLargeboxopenbrace=\box120
\hlLargeboxbackslash=\box121
\hlLargeboxlessthan=\box122
\hlLargeboxgreaterthan=\box123
\hlLargeboxdollar=\box124
\hlLargeboxunderscore=\box125
\hlLargeboxand=\box126
\hlLargeboxhash=\box127
\hlLargeboxat=\box128
\hlLargeboxpercent=\box129
\hlLargeboxhat=\box130
\hlLargeboxsinglequote=\box131
\hlLargeboxbacktick=\box132
\hlLARGEboxclosebrace=\box133
\hlLARGEboxopenbrace=\box134
\hlLARGEboxbackslash=\box135
\hlLARGEboxlessthan=\box136
\hlLARGEboxgreaterthan=\box137
\hlLARGEboxdollar=\box138
\hlLARGEboxunderscore=\box139
\hlLARGEboxand=\box140
\hlLARGEboxhash=\box141
\hlLARGEboxat=\box142
\hlLARGEboxpercent=\box143
\hlLARGEboxhat=\box144
\hlLARGEboxsinglequote=\box145
\hlLARGEboxbacktick=\box146
\hlhugeboxclosebrace=\box147
\hlhugeboxopenbrace=\box148
\hlhugeboxbackslash=\box149
\hlhugeboxlessthan=\box150
\hlhugeboxgreaterthan=\box151
\hlhugeboxdollar=\box152
\hlhugeboxunderscore=\box153
\hlhugeboxand=\box154
\hlhugeboxhash=\box155
\hlhugeboxat=\box156
\hlhugeboxpercent=\box157
\hlhugeboxhat=\box158
\hlhugeboxsinglequote=\box159
\hlhugeboxbacktick=\box160
\hlHugeboxclosebrace=\box161
\hlHugeboxopenbrace=\box162
\hlHugeboxbackslash=\box163
\hlHugeboxlessthan=\box164
\hlHugeboxgreaterthan=\box165
\hlHugeboxdollar=\box166
\hlHugeboxunderscore=\box167
\hlHugeboxand=\box168
\hlHugeboxhash=\box169
\hlHugeboxat=\box170
\hlHugeboxpercent=\box171
\hlHugeboxhat=\box172
\hlHugeboxsinglequote=\box173
\hlHugeboxbacktick=\box174

No auxiliary output files.

(/Library/Frameworks/R.framework/Resources/share/texmf/tex/latex/Sweave.sty

LaTeX Warning: You have requested package `/Library/Frameworks/R.framework/Reso
urces/share/texmf/tex/latex/Sweave',
               but the package provides `Sweave'.

Package: Sweave 
(/usr/local/texlive/2010/texmf-dist/tex/latex/base/ifthen.sty
Package: ifthen 2001/05/26 v1.1c Standard LaTeX ifthen package (DPC)
)
(/usr/local/texlive/2010/texmf-dist/tex/latex/fancyvrb/fancyvrb.sty
Package: fancyvrb 2008/02/07

Style option: `fancyvrb' v2.7a, with DG/SPQR fixes, and firstline=lastline fix 
<2008/02/07> (tvz)
\FV@CodeLineNo=\count110
\FV@InFile=\read2
\FV@TabBox=\box175
\c@FancyVerbLine=\count111
\FV@StepNumber=\count112
\FV@OutFile=\write4
)
(/usr/local/texlive/2010/texmf-dist/tex/latex/upquote/upquote.sty
Package: upquote 2003/08/11 v1.1 Covington's upright-quote modification to verb
atim and verb

(/usr/local/texlive/2010/texmf-dist/tex/latex/base/textcomp.sty
Package: textcomp 2005/09/27 v1.99g Standard LaTeX package
Package textcomp Info: Sub-encoding information:
(textcomp)               5 = only ISO-Adobe without \textcurrency
(textcomp)               4 = 5 + \texteuro
(textcomp)               3 = 4 + \textohm
(textcomp)               2 = 3 + \textestimated + \textcurrency
(textcomp)               1 = TS1 - \textcircled - \t
(textcomp)               0 = TS1 (full)
(textcomp)             Font families with sub-encoding setting implement
(textcomp)             only a restricted character set as indicated.
(textcomp)             Family '?' is the default used for unknown fonts.
(textcomp)             See the documentation for details.
Package textcomp Info: Setting ? sub-encoding to TS1/1 on input line 71.

(/usr/local/texlive/2010/texmf-dist/tex/latex/base/ts1enc.def
File: ts1enc.def 2001/06/05 v3.0e (jk/car/fm) Standard LaTeX file
)
LaTeX Info: Redefining \oldstylenums on input line 266.
Package textcomp Info: Setting cmr sub-encoding to TS1/0 on input line 281.
Package textcomp Info: Setting cmss sub-encoding to TS1/0 on input line 282.
Package textcomp Info: Setting cmtt sub-encoding to TS1/0 on input line 283.
Package textcomp Info: Setting cmvtt sub-encoding to TS1/0 on input line 284.
Package textcomp Info: Setting cmbr sub-encoding to TS1/0 on input line 285.
Package textcomp Info: Setting cmtl sub-encoding to TS1/0 on input line 286.
Package textcomp Info: Setting ccr sub-encoding to TS1/0 on input line 287.
Package textcomp Info: Setting ptm sub-encoding to TS1/4 on input line 288.
Package textcomp Info: Setting pcr sub-encoding to TS1/4 on input line 289.
Package textcomp Info: Setting phv sub-encoding to TS1/4 on input line 290.
Package textcomp Info: Setting ppl sub-encoding to TS1/3 on input line 291.
Package textcomp Info: Setting pag sub-encoding to TS1/4 on input line 292.
Package textcomp Info: Setting pbk sub-encoding to TS1/4 on input line 293.
Package textcomp Info: Setting pnc sub-encoding to TS1/4 on input line 294.
Package textcomp Info: Setting pzc sub-encoding to TS1/4 on input line 295.
Package textcomp Info: Setting bch sub-encoding to TS1/4 on input line 296.
Package textcomp Info: Setting put sub-encoding to TS1/5 on input line 297.
Package textcomp Info: Setting uag sub-encoding to TS1/5 on input line 298.
Package textcomp Info: Setting ugq sub-encoding to TS1/5 on input line 299.
Package textcomp Info: Setting ul8 sub-encoding to TS1/4 on input line 300.
Package textcomp Info: Setting ul9 sub-encoding to TS1/4 on input line 301.
Package textcomp Info: Setting augie sub-encoding to TS1/5 on input line 302.
Package textcomp Info: Setting dayrom sub-encoding to TS1/3 on input line 303.
Package textcomp Info: Setting dayroms sub-encoding to TS1/3 on input line 304.

Package textcomp Info: Setting pxr sub-encoding to TS1/0 on input line 305.
Package textcomp Info: Setting pxss sub-encoding to TS1/0 on input line 306.
Package textcomp Info: Setting pxtt sub-encoding to TS1/0 on input line 307.
Package textcomp Info: Setting txr sub-encoding to TS1/0 on input line 308.
Package textcomp Info: Setting txss sub-encoding to TS1/0 on input line 309.
Package textcomp Info: Setting txtt sub-encoding to TS1/0 on input line 310.
Package textcomp Info: Setting futs sub-encoding to TS1/4 on input line 311.
Package textcomp Info: Setting futx sub-encoding to TS1/4 on input line 312.
Package textcomp Info: Setting futj sub-encoding to TS1/4 on input line 313.
Package textcomp Info: Setting hlh sub-encoding to TS1/3 on input line 314.
Package textcomp Info: Setting hls sub-encoding to TS1/3 on input line 315.
Package textcomp Info: Setting hlst sub-encoding to TS1/3 on input line 316.
Package textcomp Info: Setting hlct sub-encoding to TS1/5 on input line 317.
Package textcomp Info: Setting hlx sub-encoding to TS1/5 on input line 318.
Package textcomp Info: Setting hlce sub-encoding to TS1/5 on input line 319.
Package textcomp Info: Setting hlcn sub-encoding to TS1/5 on input line 320.
Package textcomp Info: Setting hlcw sub-encoding to TS1/5 on input line 321.
Package textcomp Info: Setting hlcf sub-encoding to TS1/5 on input line 322.
Package textcomp Info: Setting pplx sub-encoding to TS1/3 on input line 323.
Package textcomp Info: Setting pplj sub-encoding to TS1/3 on input line 324.
Package textcomp Info: Setting ptmx sub-encoding to TS1/4 on input line 325.
Package textcomp Info: Setting ptmj sub-encoding to TS1/4 on input line 326.
))
(/usr/local/texlive/2010/texmf-dist/tex/latex/base/fontenc.sty
Package: fontenc 2005/09/27 v1.99g Standard LaTeX package

(/usr/local/texlive/2010/texmf-dist/tex/latex/base/t1enc.def
File: t1enc.def 2005/09/27 v1.99g Standard LaTeX file
LaTeX Font Info:    Redeclaring font encoding T1 on input line 43.
))
(/usr/local/texlive/2010/texmf-dist/tex/latex/ae/ae.sty
Package: ae 2001/02/12 1.3 Almost European Computer Modern

(/usr/local/texlive/2010/texmf-dist/tex/latex/base/fontenc.sty
Package: fontenc 2005/09/27 v1.99g Standard LaTeX package

(/usr/local/texlive/2010/texmf-dist/tex/latex/base/t1enc.def
File: t1enc.def 2005/09/27 v1.99g Standard LaTeX file
LaTeX Font Info:    Redeclaring font encoding T1 on input line 43.
)
LaTeX Font Info:    Try loading font information for T1+aer on input line 100.

(/usr/local/texlive/2010/texmf-dist/tex/latex/ae/t1aer.fd
File: t1aer.fd 1997/11/16 Font definitions for T1/aer.
))))
(./pgfSweave-example.aux)
LaTeX Font Info:    Checking defaults for OML/cmm/m/it on input line 373.
LaTeX Font Info:    ... okay on input line 373.
LaTeX Font Info:    Checking defaults for T1/cmr/m/n on input line 373.
LaTeX Font Info:    ... okay on input line 373.
LaTeX Font Info:    Checking defaults for OT1/cmr/m/n on input line 373.
LaTeX Font Info:    ... okay on input line 373.
LaTeX Font Info:    Checking defaults for OMS/cmsy/m/n on input line 373.
LaTeX Font Info:    ... okay on input line 373.
LaTeX Font Info:    Checking defaults for OMX/cmex/m/n on input line 373.
LaTeX Font Info:    ... okay on input line 373.
LaTeX Font Info:    Checking defaults for U/cmr/m/n on input line 373.
LaTeX Font Info:    ... okay on input line 373.
LaTeX Font Info:    Checking defaults for TS1/cmr/m/n on input line 373.
LaTeX Font Info:    Try loading font information for TS1+cmr on input line 373.


(/usr/local/texlive/2010/texmf-dist/tex/latex/base/ts1cmr.fd
File: ts1cmr.fd 1999/05/25 v2.5h Standard LaTeX font definitions
)
LaTeX Font Info:    ... okay on input line 373.

ABD: EveryShipout initializing macros
*geometry* driver: auto-detecting
*geometry* detected driver: dvips
*geometry* verbose mode - [ preamble ] result:
* driver: dvips
* paper: <default>
* layout: <same size as paper>
* layoutoffset:(h,v)=(0.0pt,0.0pt)
* modes: 
* h-part:(L,W,R)=(72.26999pt, 469.75502pt, 72.26999pt)
* v-part:(T,H,B)=(72.26999pt, 650.43001pt, 72.26999pt)
* \paperwidth=614.295pt
* \paperheight=794.96999pt
* \textwidth=469.75502pt
* \textheight=650.43001pt
* \oddsidemargin=0.0pt
* \evensidemargin=0.0pt
* \topmargin=-37.0pt
* \headheight=12.0pt
* \headsep=25.0pt
* \topskip=10.0pt
* \footskip=30.0pt
* \marginparwidth=65.0pt
* \marginparsep=11.0pt
* \columnsep=10.0pt
* \skip\footins=9.0pt plus 4.0pt minus 2.0pt
* \hoffset=0.0pt
* \voffset=0.0pt
* \mag=1000
* \@twocolumnfalse
* \@twosidefalse
* \@mparswitchfalse
* \@reversemarginfalse
* (1in=72.27pt=25.4mm, 1cm=28.453pt)

LaTeX Font Info:    External font `cmex10' loaded for size
(Font)              <12> on input line 377.
LaTeX Font Info:    External font `cmex10' loaded for size
(Font)              <8> on input line 377.
LaTeX Font Info:    External font `cmex10' loaded for size
(Font)              <6> on input line 377.
LaTeX Font Info:    Try loading font information for T1+aett on input line 382.

(/usr/local/texlive/2010/texmf-dist/tex/latex/ae/t1aett.fd
File: t1aett.fd 1997/11/16 Font definitions for T1/aett.
)
LaTeX Font Info:    External font `cmex10' loaded for size
(Font)              <7> on input line 383.
LaTeX Font Info:    External font `cmex10' loaded for size
(Font)              <5> on input line 383.


LaTeX Font Warning: Font shape `T1/aett/bx/n' undefined
(Font)              using `T1/aett/m/n' instead on input line 391.

(./pgfSweave-example-boxplot.tikz) [1

]

LaTeX Font Warning: Some font shapes were not available, defaults substituted.

 ) 
Here is how much of TeX's memory you used:
 10493 strings out of 493739
 197089 string characters out of 3143045
 242234 words of memory out of 100000000
 13583 multiletter control sequences out of 15000+200000
 18139 words of font info for 45 fonts, out of 3000000 for 9000
 714 hyphenation exceptions out of 8191
 56i,6n,55p,388b,695s stack positions out of 5000i,500n,10000p,200000b,50000s

Output written on pgfSweave-example-boxplot.dvi (1 page, 22624 bytes).
