This is pdfTeX, Version 3.1415926-1.40.11 (TeX Live 2010) (format=pdflatex 2010.11.10)  3 DEC 2010 11:45
entering extended mode
 restricted \write18 enabled.
 file:line:error style messages enabled.
 %&-line parsing enabled.
**\nonstopmode \input /Users/cameron/Documents/codes/pgfSweave/inst/misc/vignet
te-src/pgfSweave-vignette-source.tex

(/Users/cameron/Documents/codes/pgfSweave/inst/misc/vignette-src/pgfSweave-vign
ette-source.tex
(/usr/local/texlive/2010/texmf-dist/tex/generic/oberdiek/atbegshi.sty
Package: atbegshi 2010/03/25 v1.12 At begin shipout hook (HO)

(/usr/local/texlive/2010/texmf-dist/tex/generic/oberdiek/infwarerr.sty
Package: infwarerr 2010/04/08 v1.3 Providing info/warning/message (HO)
)
(/usr/local/texlive/2010/texmf-dist/tex/generic/oberdiek/ltxcmds.sty
Package: ltxcmds 2010/04/26 v1.7 LaTeX kernel commands for general use (HO)
)
(/usr/local/texlive/2010/texmf-dist/tex/generic/oberdiek/ifpdf.sty
Package: ifpdf 2010/01/28 v2.1 Provides the ifpdf switch (HO)
Package ifpdf Info: pdfTeX in pdf mode detected.
))
(/usr/local/texlive/2010/texmf-dist/tex/latex/base/article.cls
Document Class: article 2007/10/19 v1.4h Standard LaTeX document class
(/usr/local/texlive/2010/texmf-dist/tex/latex/base/size10.clo
File: size10.clo 2007/10/19 v1.4h Standard LaTeX file (size option)
)
\c@part=\count79
\c@section=\count80
\c@subsection=\count81
\c@subsubsection=\count82
\c@paragraph=\count83
\c@subparagraph=\count84
\c@figure=\count85
\c@table=\count86
\abovecaptionskip=\skip41
\belowcaptionskip=\skip42
\bibindent=\dimen102
) (./Sweave.sty
Package: Sweave 

(/usr/local/texlive/2010/texmf-dist/tex/latex/base/ifthen.sty
Package: ifthen 2001/05/26 v1.1c Standard LaTeX ifthen package (DPC)
)
(/usr/local/texlive/2010/texmf-dist/tex/latex/graphics/graphicx.sty
Package: graphicx 1999/02/16 v1.0f Enhanced LaTeX Graphics (DPC,SPQR)

(/usr/local/texlive/2010/texmf-dist/tex/latex/graphics/keyval.sty
Package: keyval 1999/03/16 v1.13 key=value parser (DPC)
\KV@toks@=\toks14
)
(/usr/local/texlive/2010/texmf-dist/tex/latex/graphics/graphics.sty
Package: graphics 2009/02/05 v1.0o Standard LaTeX Graphics (DPC,SPQR)

(/usr/local/texlive/2010/texmf-dist/tex/latex/graphics/trig.sty
Package: trig 1999/03/16 v1.09 sin cos tan (DPC)
)
(/usr/local/texlive/2010/texmf-dist/tex/latex/latexconfig/graphics.cfg
File: graphics.cfg 2010/04/23 v1.9 graphics configuration of TeX Live
)
Package graphics Info: Driver file: pdftex.def on input line 91.

(/usr/local/texlive/2010/texmf-dist/tex/latex/pdftex-def/pdftex.def
File: pdftex.def 2010/09/14 v0.05b Graphics/color for pdfTeX
\Gread@gobject=\count87
))
\Gin@req@height=\dimen103
\Gin@req@width=\dimen104
)
(/usr/local/texlive/2010/texmf-dist/tex/latex/fancyvrb/fancyvrb.sty
Package: fancyvrb 2008/02/07

Style option: `fancyvrb' v2.7a, with DG/SPQR fixes, and firstline=lastline fix 
<2008/02/07> (tvz)
\FV@CodeLineNo=\count88
\FV@InFile=\read1
\FV@TabBox=\box26
\c@FancyVerbLine=\count89
\FV@StepNumber=\count90
\FV@OutFile=\write3
)
(/Library/Frameworks/R.framework/Resources/share/texmf/tex/latex/upquote.sty
Package: upquote 2003/08/11 v1.1 Covington's upright-quote modification to verb
atim and verb

(/usr/local/texlive/2010/texmf-dist/tex/latex/base/textcomp.sty
Package: textcomp 2005/09/27 v1.99g Standard LaTeX package
Package textcomp Info: Sub-encoding information:
(textcomp)               5 = only ISO-Adobe without \textcurrency
(textcomp)               4 = 5 + \texteuro
(textcomp)               3 = 4 + \textohm
(textcomp)               2 = 3 + \textestimated + \textcurrency
(textcomp)               1 = TS1 - \textcircled - \t
(textcomp)               0 = TS1 (full)
(textcomp)             Font families with sub-encoding setting implement
(textcomp)             only a restricted character set as indicated.
(textcomp)             Family '?' is the default used for unknown fonts.
(textcomp)             See the documentation for details.
Package textcomp Info: Setting ? sub-encoding to TS1/1 on input line 71.

(/usr/local/texlive/2010/texmf-dist/tex/latex/base/ts1enc.def
File: ts1enc.def 2001/06/05 v3.0e (jk/car/fm) Standard LaTeX file
)
LaTeX Info: Redefining \oldstylenums on input line 266.
Package textcomp Info: Setting cmr sub-encoding to TS1/0 on input line 281.
Package textcomp Info: Setting cmss sub-encoding to TS1/0 on input line 282.
Package textcomp Info: Setting cmtt sub-encoding to TS1/0 on input line 283.
Package textcomp Info: Setting cmvtt sub-encoding to TS1/0 on input line 284.
Package textcomp Info: Setting cmbr sub-encoding to TS1/0 on input line 285.
Package textcomp Info: Setting cmtl sub-encoding to TS1/0 on input line 286.
Package textcomp Info: Setting ccr sub-encoding to TS1/0 on input line 287.
Package textcomp Info: Setting ptm sub-encoding to TS1/4 on input line 288.
Package textcomp Info: Setting pcr sub-encoding to TS1/4 on input line 289.
Package textcomp Info: Setting phv sub-encoding to TS1/4 on input line 290.
Package textcomp Info: Setting ppl sub-encoding to TS1/3 on input line 291.
Package textcomp Info: Setting pag sub-encoding to TS1/4 on input line 292.
Package textcomp Info: Setting pbk sub-encoding to TS1/4 on input line 293.
Package textcomp Info: Setting pnc sub-encoding to TS1/4 on input line 294.
Package textcomp Info: Setting pzc sub-encoding to TS1/4 on input line 295.
Package textcomp Info: Setting bch sub-encoding to TS1/4 on input line 296.
Package textcomp Info: Setting put sub-encoding to TS1/5 on input line 297.
Package textcomp Info: Setting uag sub-encoding to TS1/5 on input line 298.
Package textcomp Info: Setting ugq sub-encoding to TS1/5 on input line 299.
Package textcomp Info: Setting ul8 sub-encoding to TS1/4 on input line 300.
Package textcomp Info: Setting ul9 sub-encoding to TS1/4 on input line 301.
Package textcomp Info: Setting augie sub-encoding to TS1/5 on input line 302.
Package textcomp Info: Setting dayrom sub-encoding to TS1/3 on input line 303.
Package textcomp Info: Setting dayroms sub-encoding to TS1/3 on input line 304.

Package textcomp Info: Setting pxr sub-encoding to TS1/0 on input line 305.
Package textcomp Info: Setting pxss sub-encoding to TS1/0 on input line 306.
Package textcomp Info: Setting pxtt sub-encoding to TS1/0 on input line 307.
Package textcomp Info: Setting txr sub-encoding to TS1/0 on input line 308.
Package textcomp Info: Setting txss sub-encoding to TS1/0 on input line 309.
Package textcomp Info: Setting txtt sub-encoding to TS1/0 on input line 310.
Package textcomp Info: Setting futs sub-encoding to TS1/4 on input line 311.
Package textcomp Info: Setting futx sub-encoding to TS1/4 on input line 312.
Package textcomp Info: Setting futj sub-encoding to TS1/4 on input line 313.
Package textcomp Info: Setting hlh sub-encoding to TS1/3 on input line 314.
Package textcomp Info: Setting hls sub-encoding to TS1/3 on input line 315.
Package textcomp Info: Setting hlst sub-encoding to TS1/3 on input line 316.
Package textcomp Info: Setting hlct sub-encoding to TS1/5 on input line 317.
Package textcomp Info: Setting hlx sub-encoding to TS1/5 on input line 318.
Package textcomp Info: Setting hlce sub-encoding to TS1/5 on input line 319.
Package textcomp Info: Setting hlcn sub-encoding to TS1/5 on input line 320.
Package textcomp Info: Setting hlcw sub-encoding to TS1/5 on input line 321.
Package textcomp Info: Setting hlcf sub-encoding to TS1/5 on input line 322.
Package textcomp Info: Setting pplx sub-encoding to TS1/3 on input line 323.
Package textcomp Info: Setting pplj sub-encoding to TS1/3 on input line 324.
Package textcomp Info: Setting ptmx sub-encoding to TS1/4 on input line 325.
Package textcomp Info: Setting ptmj sub-encoding to TS1/4 on input line 326.
)))
(/usr/local/texlive/2010/texmf-dist/tex/latex/xcolor/xcolor.sty
Package: xcolor 2007/01/21 v2.11 LaTeX color extensions (UK)

(/usr/local/texlive/2010/texmf-dist/tex/latex/latexconfig/color.cfg
File: color.cfg 2007/01/18 v1.5 color configuration of teTeX/TeXLive
)
Package xcolor Info: Driver file: pdftex.def on input line 225.
Package xcolor Info: Model `cmy' substituted by `cmy0' on input line 1337.
Package xcolor Info: Model `hsb' substituted by `rgb' on input line 1341.
Package xcolor Info: Model `RGB' extended on input line 1353.
Package xcolor Info: Model `HTML' substituted by `rgb' on input line 1355.
Package xcolor Info: Model `Hsb' substituted by `hsb' on input line 1356.
Package xcolor Info: Model `tHsb' substituted by `hsb' on input line 1357.
Package xcolor Info: Model `HSB' substituted by `hsb' on input line 1358.
Package xcolor Info: Model `Gray' substituted by `gray' on input line 1359.
Package xcolor Info: Model `wave' substituted by `hsb' on input line 1360.

(/usr/local/texlive/2010/texmf-dist/tex/latex/xcolor/x11nam.def
File: x11nam.def 2007/01/21 v2.11 Predefined colors according to Unix/X11 (UK)
))
(/Users/cameron/Library/texmf/tex/latex/pgf/tex/latex/pgf/frontendlayer/tikz.st
y (/Users/cameron/Library/texmf/tex/latex/pgf/tex/latex/pgf/basiclayer/pgf.sty
(/Users/cameron/Library/texmf/tex/latex/pgf/tex/latex/pgf/utilities/pgfrcs.sty
(/Users/cameron/Library/texmf/tex/latex/pgf/tex/generic/pgf/utilities/pgfutil-c
ommon.tex
\pgfutil@everybye=\toks15
)
(/Users/cameron/Library/texmf/tex/latex/pgf/tex/generic/pgf/utilities/pgfutil-l
atex.def
\pgfutil@abb=\box27
 (/usr/local/texlive/2010/texmf-dist/tex/latex/ms/everyshi.sty
Package: everyshi 2001/05/15 v3.00 EveryShipout Package (MS)
))
(/Users/cameron/Library/texmf/tex/latex/pgf/tex/generic/pgf/utilities/pgfrcs.co
de.tex
Package: pgfrcs 2008/05/19 v2.00-cvs (rcs-revision 1.22)
))
Package: pgf 2008/01/15 v2.00-cvs (rcs-revision 1.12)

(/Users/cameron/Library/texmf/tex/latex/pgf/tex/latex/pgf/basiclayer/pgfcore.st
y
(/Users/cameron/Library/texmf/tex/latex/pgf/tex/latex/pgf/systemlayer/pgfsys.st
y
(/Users/cameron/Library/texmf/tex/latex/pgf/tex/generic/pgf/systemlayer/pgfsys.
code.tex
Package: pgfsys 2009/11/29 v2.00-cvs (rcs-revision 1.35)

(/Users/cameron/Library/texmf/tex/latex/pgf/tex/generic/pgf/utilities/pgfkeys.c
ode.tex
\pgfkeys@pathtoks=\toks16
\pgfkeys@temptoks=\toks17

(/Users/cameron/Library/texmf/tex/latex/pgf/tex/generic/pgf/utilities/pgfkeysfi
ltered.code.tex
\pgfkeys@tmptoks=\toks18
))
\pgf@x=\dimen105
\pgf@y=\dimen106
\pgf@xa=\dimen107
\pgf@ya=\dimen108
\pgf@xb=\dimen109
\pgf@yb=\dimen110
\pgf@xc=\dimen111
\pgf@yc=\dimen112
\w@pgf@writea=\write4
\r@pgf@reada=\read2
\c@pgf@counta=\count91
\c@pgf@countb=\count92
\c@pgf@countc=\count93
\c@pgf@countd=\count94

(/Users/cameron/Library/texmf/tex/latex/pgf/tex/generic/pgf/systemlayer/pgf.cfg
File: pgf.cfg 2008/05/14  (rcs-revision 1.7)
)
Package pgfsys Info: Driver file for pgf: pgfsys-pdftex.def on input line 895.

(/Users/cameron/Library/texmf/tex/latex/pgf/tex/generic/pgf/systemlayer/pgfsys-
pdftex.def
File: pgfsys-pdftex.def 2009/05/22  (rcs-revision 1.26)

(/Users/cameron/Library/texmf/tex/latex/pgf/tex/generic/pgf/systemlayer/pgfsys-
common-pdf.def
File: pgfsys-common-pdf.def 2008/05/19  (rcs-revision 1.10)
)))
(/Users/cameron/Library/texmf/tex/latex/pgf/tex/generic/pgf/systemlayer/pgfsyss
oftpath.code.tex
File: pgfsyssoftpath.code.tex 2008/07/18  (rcs-revision 1.7)
\pgfsyssoftpath@smallbuffer@items=\count95
\pgfsyssoftpath@bigbuffer@items=\count96
)
(/Users/cameron/Library/texmf/tex/latex/pgf/tex/generic/pgf/systemlayer/pgfsysp
rotocol.code.tex
File: pgfsysprotocol.code.tex 2006/10/16  (rcs-revision 1.4)
))
(/Users/cameron/Library/texmf/tex/latex/pgf/tex/generic/pgf/basiclayer/pgfcore.
code.tex
Package: pgfcore 2008/01/15 v2.00-cvs (rcs-revision 1.6)

(/Users/cameron/Library/texmf/tex/latex/pgf/tex/generic/pgf/math/pgfmath.code.t
ex
(/Users/cameron/Library/texmf/tex/latex/pgf/tex/generic/pgf/math/pgfmathcalc.co
de.tex
(/Users/cameron/Library/texmf/tex/latex/pgf/tex/generic/pgf/math/pgfmathutil.co
de.tex)
(/Users/cameron/Library/texmf/tex/latex/pgf/tex/generic/pgf/math/pgfmathparser.
code.tex
\pgfmath@dimen=\dimen113
\pgfmath@count=\count97
\pgfmath@box=\box28
\pgfmath@toks=\toks19
\pgfmath@stack@operand=\toks20
\pgfmath@stack@operation=\toks21
)
(/Users/cameron/Library/texmf/tex/latex/pgf/tex/generic/pgf/math/pgfmathfunctio
ns.code.tex
(/Users/cameron/Library/texmf/tex/latex/pgf/tex/generic/pgf/math/pgfmathfunctio
ns.basic.code.tex)
(/Users/cameron/Library/texmf/tex/latex/pgf/tex/generic/pgf/math/pgfmathfunctio
ns.trigonometric.code.tex)
(/Users/cameron/Library/texmf/tex/latex/pgf/tex/generic/pgf/math/pgfmathfunctio
ns.random.code.tex)
(/Users/cameron/Library/texmf/tex/latex/pgf/tex/generic/pgf/math/pgfmathfunctio
ns.comparison.code.tex)
(/Users/cameron/Library/texmf/tex/latex/pgf/tex/generic/pgf/math/pgfmathfunctio
ns.base.code.tex)
(/Users/cameron/Library/texmf/tex/latex/pgf/tex/generic/pgf/math/pgfmathfunctio
ns.round.code.tex)
(/Users/cameron/Library/texmf/tex/latex/pgf/tex/generic/pgf/math/pgfmathfunctio
ns.misc.code.tex)))
(/Users/cameron/Library/texmf/tex/latex/pgf/tex/generic/pgf/math/pgfmathfloat.c
ode.tex
\c@pgfmathroundto@lastzeros=\count98
))
(/Users/cameron/Library/texmf/tex/latex/pgf/tex/generic/pgf/basiclayer/pgfcorep
oints.code.tex
File: pgfcorepoints.code.tex 2009/04/18  (rcs-revision 1.19)
\pgf@picminx=\dimen114
\pgf@picmaxx=\dimen115
\pgf@picminy=\dimen116
\pgf@picmaxy=\dimen117
\pgf@pathminx=\dimen118
\pgf@pathmaxx=\dimen119
\pgf@pathminy=\dimen120
\pgf@pathmaxy=\dimen121
\pgf@xx=\dimen122
\pgf@xy=\dimen123
\pgf@yx=\dimen124
\pgf@yy=\dimen125
\pgf@zx=\dimen126
\pgf@zy=\dimen127
)
(/Users/cameron/Library/texmf/tex/latex/pgf/tex/generic/pgf/basiclayer/pgfcorep
athconstruct.code.tex
File: pgfcorepathconstruct.code.tex 2009/01/22  (rcs-revision 1.21)
\pgf@path@lastx=\dimen128
\pgf@path@lasty=\dimen129
)
(/Users/cameron/Library/texmf/tex/latex/pgf/tex/generic/pgf/basiclayer/pgfcorep
athusage.code.tex
File: pgfcorepathusage.code.tex 2008/04/22  (rcs-revision 1.12)
\pgf@shorten@end@additional=\dimen130
\pgf@shorten@start@additional=\dimen131
)
(/Users/cameron/Library/texmf/tex/latex/pgf/tex/generic/pgf/basiclayer/pgfcores
copes.code.tex
File: pgfcorescopes.code.tex 2009/03/22  (rcs-revision 1.28)
\pgfpic=\box29
\pgf@hbox=\box30
\pgf@layerbox@main=\box31
\pgf@picture@serial@count=\count99
)
(/Users/cameron/Library/texmf/tex/latex/pgf/tex/generic/pgf/basiclayer/pgfcoreg
raphicstate.code.tex
File: pgfcoregraphicstate.code.tex 2008/04/22  (rcs-revision 1.9)
\pgflinewidth=\dimen132
)
(/Users/cameron/Library/texmf/tex/latex/pgf/tex/generic/pgf/basiclayer/pgfcoret
ransformations.code.tex
File: pgfcoretransformations.code.tex 2009/06/10  (rcs-revision 1.11)
\pgf@pt@x=\dimen133
\pgf@pt@y=\dimen134
\pgf@pt@temp=\dimen135
)
(/Users/cameron/Library/texmf/tex/latex/pgf/tex/generic/pgf/basiclayer/pgfcoreq
uick.code.tex
File: pgfcorequick.code.tex 2008/10/09  (rcs-revision 1.3)
)
(/Users/cameron/Library/texmf/tex/latex/pgf/tex/generic/pgf/basiclayer/pgfcoreo
bjects.code.tex
File: pgfcoreobjects.code.tex 2006/10/11  (rcs-revision 1.2)
)
(/Users/cameron/Library/texmf/tex/latex/pgf/tex/generic/pgf/basiclayer/pgfcorep
athprocessing.code.tex
File: pgfcorepathprocessing.code.tex 2008/10/09  (rcs-revision 1.8)
)
(/Users/cameron/Library/texmf/tex/latex/pgf/tex/generic/pgf/basiclayer/pgfcorea
rrows.code.tex
File: pgfcorearrows.code.tex 2008/04/23  (rcs-revision 1.11)
)
(/Users/cameron/Library/texmf/tex/latex/pgf/tex/generic/pgf/basiclayer/pgfcores
hade.code.tex
File: pgfcoreshade.code.tex 2008/11/23  (rcs-revision 1.13)
\pgf@max=\dimen136
\pgf@sys@shading@range@num=\count100
)
(/Users/cameron/Library/texmf/tex/latex/pgf/tex/generic/pgf/basiclayer/pgfcorei
mage.code.tex
File: pgfcoreimage.code.tex 2010/02/16  (rcs-revision 1.12)
\pgfexternal@startupbox=\box32
)
(/Users/cameron/Library/texmf/tex/latex/pgf/tex/generic/pgf/basiclayer/pgfcorel
ayers.code.tex
File: pgfcorelayers.code.tex 2008/01/15  (rcs-revision 1.1)
)
(/Users/cameron/Library/texmf/tex/latex/pgf/tex/generic/pgf/basiclayer/pgfcoret
ransparency.code.tex
File: pgfcoretransparency.code.tex 2008/01/17  (rcs-revision 1.2)
)
(/Users/cameron/Library/texmf/tex/latex/pgf/tex/generic/pgf/basiclayer/pgfcorep
atterns.code.tex
File: pgfcorepatterns.code.tex 2009/07/02  (rcs-revision 1.3)
)))
(/Users/cameron/Library/texmf/tex/latex/pgf/tex/generic/pgf/modules/pgfmodulesh
apes.code.tex
File: pgfmoduleshapes.code.tex 2009/10/13  (rcs-revision 1.9)
\pgfnodeparttextbox=\box33
)
(/Users/cameron/Library/texmf/tex/latex/pgf/tex/generic/pgf/modules/pgfmodulepl
ot.code.tex
File: pgfmoduleplot.code.tex 2009/12/02  (rcs-revision 1.6)
)
(/Users/cameron/Library/texmf/tex/latex/pgf/tex/latex/pgf/compatibility/pgfcomp
-version-0-65.sty
Package: pgfcomp-version-0-65 2007/07/03 v2.00-cvs (rcs-revision 1.7)
\pgf@nodesepstart=\dimen137
\pgf@nodesepend=\dimen138
)
(/Users/cameron/Library/texmf/tex/latex/pgf/tex/latex/pgf/compatibility/pgfcomp
-version-1-18.sty
Package: pgfcomp-version-1-18 2007/07/23 v2.00-cvs (rcs-revision 1.1)
))
(/Users/cameron/Library/texmf/tex/latex/pgf/tex/latex/pgf/utilities/pgffor.sty
(/Users/cameron/Library/texmf/tex/latex/pgf/tex/latex/pgf/utilities/pgfkeys.sty

(/Users/cameron/Library/texmf/tex/latex/pgf/tex/generic/pgf/utilities/pgfkeys.c
ode.tex))
(/Users/cameron/Library/texmf/tex/latex/pgf/tex/generic/pgf/utilities/pgffor.co
de.tex
Package: pgffor 2010/02/22 v2.00-cvs (rcs-revision 1.17)
\pgffor@iter=\dimen139
\pgffor@skip=\dimen140
))
(/Users/cameron/Library/texmf/tex/latex/pgf/tex/generic/pgf/frontendlayer/tikz/
tikz.code.tex
Package: tikz 2009/12/29 v2.00-cvs (rcs-revision 1.65)

(/Users/cameron/Library/texmf/tex/latex/pgf/tex/generic/pgf/libraries/pgflibrar
yplothandlers.code.tex
File: pgflibraryplothandlers.code.tex 2009/11/18 v2.00-cvs (rcs-revision 1.14)
\pgf@plot@mark@count=\count101
\pgfplotmarksize=\dimen141
)
\tikz@lastx=\dimen142
\tikz@lasty=\dimen143
\tikz@lastxsaved=\dimen144
\tikz@lastysaved=\dimen145
\tikzleveldistance=\dimen146
\tikzsiblingdistance=\dimen147
\tikz@figbox=\box34
\tikz@tempbox=\box35
\tikztreelevel=\count102
\tikznumberofchildren=\count103
\tikznumberofcurrentchild=\count104
\tikz@fig@count=\count105

(/Users/cameron/Library/texmf/tex/latex/pgf/tex/generic/pgf/modules/pgfmodulema
trix.code.tex
File: pgfmodulematrix.code.tex 2008/11/24  (rcs-revision 1.3)
\pgfmatrixcurrentrow=\count106
\pgfmatrixcurrentcolumn=\count107
\pgf@matrix@numberofcolumns=\count108
)
\tikz@expandcount=\count109

(/Users/cameron/Library/texmf/tex/latex/pgf/tex/generic/pgf/frontendlayer/tikz/
libraries/tikzlibrarytopaths.code.tex
File: tikzlibrarytopaths.code.tex 2008/06/17 v2.00-cvs (rcs-revision 1.2)
)))
(/Users/cameron/Library/texmf/tex/latex/pgf/tex/generic/pgf/frontendlayer/tikz/
libraries/tikzlibrarypositioning.code.tex
File: tikzlibrarypositioning.code.tex 2008/10/06 v2.00-cvs (rcs-revision 1.7)
)
(/Users/cameron/Library/texmf/tex/latex/pgf/tex/generic/pgf/frontendlayer/tikz/
libraries/tikzlibraryshapes.geometric.code.tex
File: tikzlibraryshapes.geometric.code.tex 2008/01/09 v2.00-cvs (rcs-revision 1
.1)

(/Users/cameron/Library/texmf/tex/latex/pgf/tex/generic/pgf/libraries/shapes/pg
flibraryshapes.geometric.code.tex
File: pgflibraryshapes.geometric.code.tex 2008/06/26 v2.00-cvs (rcs-revision 1.
1)
))
(/Users/cameron/Library/texmf/tex/latex/pgf/tex/generic/pgf/frontendlayer/tikz/
libraries/tikzlibraryarrows.code.tex
File: tikzlibraryarrows.code.tex 2008/01/09 v2.00-cvs (rcs-revision 1.1)

(/Users/cameron/Library/texmf/tex/latex/pgf/tex/generic/pgf/libraries/pgflibrar
yarrows.code.tex
File: pgflibraryarrows.code.tex 2008/10/27 v2.00-cvs (rcs-revision 1.9)
\arrowsize=\dimen148
))
(/usr/local/texlive/2010/texmf-dist/tex/latex/parskip/parskip.sty
Package: parskip 2001/04/09 non-zero parskip adjustments
)
(/usr/local/texlive/2010/texmf-dist/tex/latex/geometry/geometry.sty
Package: geometry 2010/09/12 v5.6 Page Geometry

(/usr/local/texlive/2010/texmf-dist/tex/generic/oberdiek/ifvtex.sty
Package: ifvtex 2010/03/01 v1.5 Switches for detecting VTeX and its modes (HO)
Package ifvtex Info: VTeX not detected.
)
(/usr/local/texlive/2010/texmf-dist/tex/generic/ifxetex/ifxetex.sty
Package: ifxetex 2010/09/12 v0.6 Provides ifxetex conditional
)
\Gm@cnth=\count110
\Gm@cntv=\count111
\c@Gm@tempcnt=\count112
\Gm@bindingoffset=\dimen149
\Gm@wd@mp=\dimen150
\Gm@odd@mp=\dimen151
\Gm@even@mp=\dimen152
\Gm@layoutwidth=\dimen153
\Gm@layoutheight=\dimen154
\Gm@layouthoffset=\dimen155
\Gm@layoutvoffset=\dimen156
\Gm@dimlist=\toks22
)
(/usr/local/texlive/2010/texmf-dist/tex/latex/hyperref/hyperref.sty
Package: hyperref 2010/10/30 v6.81t Hypertext links for LaTeX

(/usr/local/texlive/2010/texmf-dist/tex/generic/oberdiek/kvsetkeys.sty
Package: kvsetkeys 2010/03/01 v1.9 Key value parser (HO)

(/usr/local/texlive/2010/texmf-dist/tex/generic/oberdiek/etexcmds.sty
Package: etexcmds 2010/01/28 v1.3 Prefix for e-TeX command names (HO)
Package etexcmds Info: Could not find \expanded.
(etexcmds)             That can mean that you are not using pdfTeX 1.50 or
(etexcmds)             that some package has redefined \expanded.
(etexcmds)             In the latter case, load this package earlier.
))
(/usr/local/texlive/2010/texmf-dist/tex/generic/oberdiek/pdfescape.sty
Package: pdfescape 2010/03/01 v1.9 Provides hex, PDF name and string conversion
s (HO)

(/usr/local/texlive/2010/texmf-dist/tex/generic/oberdiek/pdftexcmds.sty
Package: pdftexcmds 2010/04/01 v0.9 Utility functions of pdfTeX for LuaTeX (HO)


(/usr/local/texlive/2010/texmf-dist/tex/generic/oberdiek/ifluatex.sty
Package: ifluatex 2010/03/01 v1.3 Provides the ifluatex switch (HO)
Package ifluatex Info: LuaTeX not detected.
)
Package pdftexcmds Info: LuaTeX not detected.
Package pdftexcmds Info: \pdf@primitive is available.
Package pdftexcmds Info: \pdf@ifprimitive is available.
))
(/usr/local/texlive/2010/texmf-dist/tex/latex/oberdiek/hycolor.sty
Package: hycolor 2009/12/12 v1.6 Color options of hyperref/bookmark (HO)

(/usr/local/texlive/2010/texmf-dist/tex/latex/oberdiek/xcolor-patch.sty
Package: xcolor-patch 2009/12/12 xcolor patch
))
(/usr/local/texlive/2010/texmf-dist/tex/latex/oberdiek/letltxmacro.sty
Package: letltxmacro 2008/06/24 v1.3 Let assignment for LaTeX macros (HO)
)
(/usr/local/texlive/2010/texmf-dist/tex/latex/oberdiek/kvoptions.sty
Package: kvoptions 2010/02/22 v3.7 Keyval support for LaTeX options (HO)
)
\@linkdim=\dimen157
\Hy@linkcounter=\count113
\Hy@pagecounter=\count114

(/usr/local/texlive/2010/texmf-dist/tex/latex/hyperref/pd1enc.def
File: pd1enc.def 2010/10/30 v6.81t Hyperref: PDFDocEncoding definition (HO)
)
(/usr/local/texlive/2010/texmf-dist/tex/generic/oberdiek/intcalc.sty
Package: intcalc 2007/09/27 v1.1 Expandable integer calculations (HO)
)
\Hy@SavedSpaceFactor=\count115

(/usr/local/texlive/2010/texmf-dist/tex/latex/latexconfig/hyperref.cfg
File: hyperref.cfg 2002/06/06 v1.2 hyperref configuration of TeXLive
)
Package hyperref Info: Option `colorlinks' set `true' on input line 3872.
Package hyperref Info: Hyper figures OFF on input line 3976.
Package hyperref Info: Link nesting OFF on input line 3981.
Package hyperref Info: Hyper index ON on input line 3984.
Package hyperref Info: Plain pages OFF on input line 3991.
Package hyperref Info: Backreferencing OFF on input line 3996.
Package hyperref Info: Implicit mode ON; LaTeX internals redefined.
Package hyperref Info: Bookmarks ON on input line 4211.
\c@Hy@tempcnt=\count116

(/usr/local/texlive/2010/texmf-dist/tex/latex/url/url.sty
\Urlmuskip=\muskip10
Package: url 2006/04/12  ver 3.3  Verb mode for urls, etc.
)
LaTeX Info: Redefining \url on input line 4566.

(/usr/local/texlive/2010/texmf-dist/tex/generic/oberdiek/bitset.sty
Package: bitset 2007/09/28 v1.0 Data type bit set (HO)

(/usr/local/texlive/2010/texmf-dist/tex/generic/oberdiek/bigintcalc.sty
Package: bigintcalc 2007/11/11 v1.1 Expandable big integer calculations (HO)
))
\Fld@menulength=\count117
\Field@Width=\dimen158
\Fld@charsize=\dimen159
Package hyperref Info: Hyper figures OFF on input line 5626.
Package hyperref Info: Link nesting OFF on input line 5631.
Package hyperref Info: Hyper index ON on input line 5634.
Package hyperref Info: backreferencing OFF on input line 5641.
Package hyperref Info: Link coloring ON on input line 5644.
Package hyperref Info: Link coloring with OCG OFF on input line 5651.
Package hyperref Info: PDF/A mode OFF on input line 5656.
LaTeX Info: Redefining \ref on input line 5696.
LaTeX Info: Redefining \pageref on input line 5700.
\Hy@abspage=\count118
\c@Item=\count119
\c@Hfootnote=\count120
)

Package hyperref Message: Driver (autodetected): hpdftex.

(/usr/local/texlive/2010/texmf-dist/tex/latex/hyperref/hpdftex.def
File: hpdftex.def 2010/10/30 v6.81t Hyperref driver for pdfTeX

(/usr/local/texlive/2010/texmf-dist/tex/latex/oberdiek/atveryend.sty
Package: atveryend 2010/03/24 v1.5 Hooks at very end of document (HO)
Package atveryend Info: \enddocument detected (standard).
)
\Fld@listcount=\count121
\c@bookmark@seq@number=\count122

(/usr/local/texlive/2010/texmf-dist/tex/latex/oberdiek/rerunfilecheck.sty
Package: rerunfilecheck 2010/03/16 v1.6 Rerun checks for auxiliary files (HO)

(/usr/local/texlive/2010/texmf-dist/tex/generic/oberdiek/uniquecounter.sty
Package: uniquecounter 2009/12/18 v1.1 Provides unlimited unique counter (HO)
)
Package uniquecounter Info: New unique counter `rerunfilecheck' on input line 2
71.
)
\Hy@SectionHShift=\skip43
)
\hlnormalsizeboxclosebrace=\box36
\hlnormalsizeboxopenbrace=\box37
\hlnormalsizeboxbackslash=\box38
\hlnormalsizeboxlessthan=\box39
\hlnormalsizeboxgreaterthan=\box40
\hlnormalsizeboxdollar=\box41
\hlnormalsizeboxunderscore=\box42
\hlnormalsizeboxand=\box43
\hlnormalsizeboxhash=\box44
\hlnormalsizeboxat=\box45
\hlnormalsizeboxpercent=\box46
\hlnormalsizeboxhat=\box47
\hlnormalsizeboxsinglequote=\box48
\hlnormalsizeboxbacktick=\box49
LaTeX Font Info:    Try loading font information for TS1+cmtt on input line 76.


(/usr/local/texlive/2010/texmf-dist/tex/latex/base/ts1cmtt.fd
File: ts1cmtt.fd 1999/05/25 v2.5h Standard LaTeX font definitions
)
\hltinyboxclosebrace=\box50
\hltinyboxopenbrace=\box51
\hltinyboxbackslash=\box52
\hltinyboxlessthan=\box53
\hltinyboxgreaterthan=\box54
\hltinyboxdollar=\box55
\hltinyboxunderscore=\box56
\hltinyboxand=\box57
\hltinyboxhash=\box58
\hltinyboxat=\box59
\hltinyboxpercent=\box60
\hltinyboxhat=\box61
\hltinyboxsinglequote=\box62
\hltinyboxbacktick=\box63
\hlscriptsizeboxclosebrace=\box64
\hlscriptsizeboxopenbrace=\box65
\hlscriptsizeboxbackslash=\box66
\hlscriptsizeboxlessthan=\box67
\hlscriptsizeboxgreaterthan=\box68
\hlscriptsizeboxdollar=\box69
\hlscriptsizeboxunderscore=\box70
\hlscriptsizeboxand=\box71
\hlscriptsizeboxhash=\box72
\hlscriptsizeboxat=\box73
\hlscriptsizeboxpercent=\box74
\hlscriptsizeboxhat=\box75
\hlscriptsizeboxsinglequote=\box76
\hlscriptsizeboxbacktick=\box77
\hlfootnotesizeboxclosebrace=\box78
\hlfootnotesizeboxopenbrace=\box79
\hlfootnotesizeboxbackslash=\box80
\hlfootnotesizeboxlessthan=\box81
\hlfootnotesizeboxgreaterthan=\box82
\hlfootnotesizeboxdollar=\box83
\hlfootnotesizeboxunderscore=\box84
\hlfootnotesizeboxand=\box85
\hlfootnotesizeboxhash=\box86
\hlfootnotesizeboxat=\box87
\hlfootnotesizeboxpercent=\box88
\hlfootnotesizeboxhat=\box89
\hlfootnotesizeboxsinglequote=\box90
\hlfootnotesizeboxbacktick=\box91
\hlsmallboxclosebrace=\box92
\hlsmallboxopenbrace=\box93
\hlsmallboxbackslash=\box94
\hlsmallboxlessthan=\box95
\hlsmallboxgreaterthan=\box96
\hlsmallboxdollar=\box97
\hlsmallboxunderscore=\box98
\hlsmallboxand=\box99
\hlsmallboxhash=\box100
\hlsmallboxat=\box101
\hlsmallboxpercent=\box102
\hlsmallboxhat=\box103
\hlsmallboxsinglequote=\box104
\hlsmallboxbacktick=\box105
\hllargeboxclosebrace=\box106
\hllargeboxopenbrace=\box107
\hllargeboxbackslash=\box108
\hllargeboxlessthan=\box109
\hllargeboxgreaterthan=\box110
\hllargeboxdollar=\box111
\hllargeboxunderscore=\box112
\hllargeboxand=\box113
\hllargeboxhash=\box114
\hllargeboxat=\box115
\hllargeboxpercent=\box116
\hllargeboxhat=\box117
\hllargeboxsinglequote=\box118
\hllargeboxbacktick=\box119
\hlLargeboxclosebrace=\box120
\hlLargeboxopenbrace=\box121
\hlLargeboxbackslash=\box122
\hlLargeboxlessthan=\box123
\hlLargeboxgreaterthan=\box124
\hlLargeboxdollar=\box125
\hlLargeboxunderscore=\box126
\hlLargeboxand=\box127
\hlLargeboxhash=\box128
\hlLargeboxat=\box129
\hlLargeboxpercent=\box130
\hlLargeboxhat=\box131
\hlLargeboxsinglequote=\box132
\hlLargeboxbacktick=\box133
\hlLARGEboxclosebrace=\box134
\hlLARGEboxopenbrace=\box135
\hlLARGEboxbackslash=\box136
\hlLARGEboxlessthan=\box137
\hlLARGEboxgreaterthan=\box138
\hlLARGEboxdollar=\box139
\hlLARGEboxunderscore=\box140
\hlLARGEboxand=\box141
\hlLARGEboxhash=\box142
\hlLARGEboxat=\box143
\hlLARGEboxpercent=\box144
\hlLARGEboxhat=\box145
\hlLARGEboxsinglequote=\box146
\hlLARGEboxbacktick=\box147
\hlhugeboxclosebrace=\box148
\hlhugeboxopenbrace=\box149
\hlhugeboxbackslash=\box150
\hlhugeboxlessthan=\box151
\hlhugeboxgreaterthan=\box152
\hlhugeboxdollar=\box153
\hlhugeboxunderscore=\box154
\hlhugeboxand=\box155
\hlhugeboxhash=\box156
\hlhugeboxat=\box157
\hlhugeboxpercent=\box158
\hlhugeboxhat=\box159
\hlhugeboxsinglequote=\box160
\hlhugeboxbacktick=\box161
\hlHugeboxclosebrace=\box162
\hlHugeboxopenbrace=\box163
\hlHugeboxbackslash=\box164
\hlHugeboxlessthan=\box165
\hlHugeboxgreaterthan=\box166
\hlHugeboxdollar=\box167
\hlHugeboxunderscore=\box168
\hlHugeboxand=\box169
\hlHugeboxhash=\box170
\hlHugeboxat=\box171
\hlHugeboxpercent=\box172
\hlHugeboxhat=\box173
\hlHugeboxsinglequote=\box174
\hlHugeboxbacktick=\box175

(./pgfSweave-vignette-source.aux)
\openout1 = `pgfSweave-vignette-source.aux'.

LaTeX Font Info:    Checking defaults for OML/cmm/m/it on input line 395.
LaTeX Font Info:    ... okay on input line 395.
LaTeX Font Info:    Checking defaults for T1/cmr/m/n on input line 395.
LaTeX Font Info:    ... okay on input line 395.
LaTeX Font Info:    Checking defaults for OT1/cmr/m/n on input line 395.
LaTeX Font Info:    ... okay on input line 395.
LaTeX Font Info:    Checking defaults for OMS/cmsy/m/n on input line 395.
LaTeX Font Info:    ... okay on input line 395.
LaTeX Font Info:    Checking defaults for OMX/cmex/m/n on input line 395.
LaTeX Font Info:    ... okay on input line 395.
LaTeX Font Info:    Checking defaults for U/cmr/m/n on input line 395.
LaTeX Font Info:    ... okay on input line 395.
LaTeX Font Info:    Checking defaults for TS1/cmr/m/n on input line 395.
LaTeX Font Info:    Try loading font information for TS1+cmr on input line 395.


(/usr/local/texlive/2010/texmf-dist/tex/latex/base/ts1cmr.fd
File: ts1cmr.fd 1999/05/25 v2.5h Standard LaTeX font definitions
)
LaTeX Font Info:    ... okay on input line 395.
LaTeX Font Info:    Checking defaults for PD1/pdf/m/n on input line 395.
LaTeX Font Info:    ... okay on input line 395.
\AtBeginShipoutBox=\box176

(/usr/local/texlive/2010/texmf-dist/tex/context/base/supp-pdf.mkii
[Loading MPS to PDF converter (version 2006.09.02).]
\scratchcounter=\count123
\scratchdimen=\dimen160
\scratchbox=\box177
\nofMPsegments=\count124
\nofMParguments=\count125
\everyMPshowfont=\toks23
\MPscratchCnt=\count126
\MPscratchDim=\dimen161
\MPnumerator=\count127
\everyMPtoPDFconversion=\toks24
) (/usr/local/texlive/2010/texmf-dist/tex/latex/oberdiek/epstopdf-base.sty
Package: epstopdf-base 2010/02/09 v2.5 Base part for package epstopdf

(/usr/local/texlive/2010/texmf-dist/tex/latex/oberdiek/grfext.sty
Package: grfext 2007/09/30 v1.0 Managing graphics extensions (HO)
)
Package grfext Info: Graphics extension search list:
(grfext)             [.png,.pdf,.jpg,.mps,.jpeg,.jbig2,.jb2,.PNG,.PDF,.JPG,.JPE
G,.JBIG2,.JB2,.eps]
(grfext)             \AppendGraphicsExtensions on input line 436.

(/usr/local/texlive/2010/texmf-dist/tex/latex/latexconfig/epstopdf-sys.cfg
File: epstopdf-sys.cfg 2010/07/13 v1.3 Configuration of (r)epstopdf for TeX Liv
e
))
ABD: EveryShipout initializing macros
*geometry* driver: auto-detecting
*geometry* detected driver: pdftex
*geometry* verbose mode - [ preamble ] result:
* driver: pdftex
* paper: <default>
* layout: <same size as paper>
* layoutoffset:(h,v)=(0.0pt,0.0pt)
* modes: 
* h-part:(L,W,R)=(79.49744pt, 455.30013pt, 79.49744pt)
* v-part:(T,H,B)=(79.49744pt, 635.97511pt, 79.49744pt)
* \paperwidth=614.295pt
* \paperheight=794.96999pt
* \textwidth=455.30013pt
* \textheight=635.97511pt
* \oddsidemargin=7.22745pt
* \evensidemargin=7.22745pt
* \topmargin=-29.77255pt
* \headheight=12.0pt
* \headsep=25.0pt
* \topskip=10.0pt
* \footskip=30.0pt
* \marginparwidth=65.0pt
* \marginparsep=11.0pt
* \columnsep=10.0pt
* \skip\footins=9.0pt plus 4.0pt minus 2.0pt
* \hoffset=0.0pt
* \voffset=0.0pt
* \mag=1000
* \@twocolumnfalse
* \@twosidefalse
* \@mparswitchfalse
* \@reversemarginfalse
* (1in=72.27pt=25.4mm, 1cm=28.453pt)

Package hyperref Info: Link coloring ON on input line 395.
(/usr/local/texlive/2010/texmf-dist/tex/latex/hyperref/nameref.sty
Package: nameref 2010/04/30 v2.40 Cross-referencing by name of section

(/usr/local/texlive/2010/texmf-dist/tex/latex/oberdiek/refcount.sty
Package: refcount 2008/08/11 v3.1 Data extraction from references (HO)
)
(/usr/local/texlive/2010/texmf-dist/tex/generic/oberdiek/gettitlestring.sty
Package: gettitlestring 2009/12/18 v1.3 Cleanup title references (HO)
)
\c@section@level=\count128
)
LaTeX Info: Redefining \ref on input line 395.
LaTeX Info: Redefining \pageref on input line 395.
LaTeX Info: Redefining \nameref on input line 395.

(./pgfSweave-vignette-source.out) (./pgfSweave-vignette-source.out)
\@outlinefile=\write5
\openout5 = `pgfSweave-vignette-source.out'.


(./pgfSweave-vignette-source.toc
LaTeX Font Info:    External font `cmex10' loaded for size
(Font)              <7> on input line 4.
LaTeX Font Info:    External font `cmex10' loaded for size
(Font)              <5> on input line 4.
)
\tf@toc=\write6
\openout6 = `pgfSweave-vignette-source.toc'.

 [1

{/Users/cameron/Library/texlive/2010/texmf-var/fonts/map/pdftex/updmap/pdftex.m
ap}]
LaTeX Font Info:    External font `cmex10' loaded for size
(Font)              <8> on input line 411.
LaTeX Font Info:    External font `cmex10' loaded for size
(Font)              <6> on input line 411.
 [2

]
LaTeX Font Info:    Font shape `OT1/cmtt/bx/n' in size <12> not available
(Font)              Font shape `OT1/cmtt/m/n' tried instead on input line 472.
LaTeX Font Info:    Try loading font information for OMS+cmtt on input line 473
.

(/Library/Frameworks/R.framework/Resources/share/texmf/tex/latex/omscmtt.fd
File: omscmtt.fd 
)
LaTeX Font Info:    Font shape `OMS/cmtt/m/n' in size <10> not available
(Font)              Font shape `OMS/cmsy/m/n' tried instead on input line 473.

Overfull \hbox (32.2222pt too wide) in paragraph at lines 476--499
[]$[]$ $[]$ 
 []

[3]
Overfull \hbox (32.2222pt too wide) in paragraph at lines 506--529
[]$[]$ $[]$ 
 []


Overfull \hbox (32.2222pt too wide) in paragraph at lines 542--567
[]$[]$ $[]$ 
 []

[4]
LaTeX Font Info:    External font `cmex10' loaded for size
(Font)              <12> on input line 571.


Package hyperref Warning: Token not allowed in a PDF string (PDFDocEncoding):
(hyperref)                removing `math shift' on input line 571.


Package hyperref Warning: Token not allowed in a PDF string (PDFDocEncoding):
(hyperref)                removing `\delimiter' on input line 571.


Package hyperref Warning: Token not allowed in a PDF string (PDFDocEncoding):
(hyperref)                removing `math shift' on input line 571.


Overfull \hbox (33.10675pt too wide) in paragraph at lines 573--574
\OT1/cmr/m/n/10 tion. For ex-am-ple if you doc-u-ment is \OT1/cmtt/m/n/10 main.
Rnw \OT1/cmr/m/n/10 then your header should con-tain the line $\OMS/cmsy/m/n/10
 n$\OT1/cmtt/m/n/10 pgfrealjobname\OMS/cmsy/m/n/10 f\OT1/cmtt/m/n/10 main\OMS/c
msy/m/n/10 g\OT1/cmr/m/n/10 .
 []


Overfull \hbox (8.81505pt too wide) in paragraph at lines 593--594
\OT1/cmr/m/n/10 be syntax-highlighted with the \OT1/cmr/bx/n/10 high-light \OT1
/cmr/m/n/10 pack-age. To dis-able high-light-ing add \OMS/cmsy/m/n/10 n\OT1/cmt
t/m/n/10 SweaveOpts\OMS/cmsy/m/n/10 f\OT1/cmtt/m/n/10 highlight=F\OMS/cmsy/m/n/
10 g
 []

[5]
LaTeX Font Info:    Font shape `OT1/cmtt/bx/n' in size <10> not available
(Font)              Font shape `OT1/cmtt/m/n' tried instead on input line 625.
 [6] [7]
<../../example/pgfSweave-example.pdf, id=186, 614.295pt x 794.97pt>
File: ../../example/pgfSweave-example.pdf Graphic file (type pdf)

<use ../../example/pgfSweave-example.pdf>
Overfull \hbox (6.79999pt too wide) in paragraph at lines 735--736
[][] 
 []

[8] [9 <../../example/pgfSweave-example.pdf>] [10

]
<figs/fig-normalSweave.pdf, id=228, 216.81pt x 216.81pt>
File: figs/fig-normalSweave.pdf Graphic file (type pdf)

<use figs/fig-normalSweave.pdf>
Overfull \hbox (11.92581pt too wide) in paragraph at lines 818--819
 [][] 
 []

[11 <./figs/fig-normalSweave.pdf> <./figs/fig-pgfSweave-hist.pdf> <./figs/fig-p
gfSweave-tikz-hist.pdf>]
Overfull \hbox (5.14217pt too wide) in paragraph at lines 858--859
\OT1/cmr/m/n/10 X) a sym-bolic link \TS1/cmtt/m/n/10 $\OT1/cmtt/m/n/10 R[]HOME/
bin/pgfsweave \OT1/cmr/m/n/10 to \TS1/cmtt/m/n/10 $\OT1/cmtt/m/n/10 R[]HOME/lib
rary/pgfSweave/exec/pgfsweave-script.R\OT1/cmr/m/n/10 .
 []

[12] [13

]
Package atveryend Info: Empty hook `BeforeClearDocument' on input line 975.
 [14]
Package atveryend Info: Empty hook `AfterLastShipout' on input line 975.
 (./pgfSweave-vignette-source.aux)
Package atveryend Info: Executing hook `AtVeryEndDocument' on input line 975.
Package rerunfilecheck Info: File `pgfSweave-vignette-source.out' has not chang
ed.
(rerunfilecheck)             Checksum: 4B6C4E0902751908FCF5AD3971589BA0;1310.
 ) 
Here is how much of TeX's memory you used:
 15585 strings out of 493738
 285713 string characters out of 3143022
 379207 words of memory out of 100000000
 18484 multiletter control sequences out of 15000+200000
 14590 words of font info for 55 fonts, out of 3000000 for 9000
 714 hyphenation exceptions out of 8191
 56i,10n,60p,1367b,776s stack positions out of 5000i,500n,10000p,200000b,50000s
{/usr/local/texlive/2010/texmf-dist/fonts/enc/dvips/cm-super/cm-super-ts1.enc
}</usr/local/texlive/2010/texmf-dist/fonts/type1/public/amsfonts/cm/cmbx10.pfb>
</usr/local/texlive/2010/texmf-dist/fonts/type1/public/amsfonts/cm/cmbx12.pfb><
/usr/local/texlive/2010/texmf-dist/fonts/type1/public/amsfonts/cm/cmbx8.pfb></u
sr/local/texlive/2010/texmf-dist/fonts/type1/public/amsfonts/cm/cmbxti10.pfb></
usr/local/texlive/2010/texmf-dist/fonts/type1/public/amsfonts/cm/cmmi10.pfb></u
sr/local/texlive/2010/texmf-dist/fonts/type1/public/amsfonts/cm/cmr10.pfb></usr
/local/texlive/2010/texmf-dist/fonts/type1/public/amsfonts/cm/cmr12.pfb></usr/l
ocal/texlive/2010/texmf-dist/fonts/type1/public/amsfonts/cm/cmr17.pfb></usr/loc
al/texlive/2010/texmf-dist/fonts/type1/public/amsfonts/cm/cmr6.pfb></usr/local/
texlive/2010/texmf-dist/fonts/type1/public/amsfonts/cm/cmr7.pfb></usr/local/tex
live/2010/texmf-dist/fonts/type1/public/amsfonts/cm/cmr8.pfb></usr/local/texliv
e/2010/texmf-dist/fonts/type1/public/amsfonts/cm/cmsltt10.pfb></usr/local/texli
ve/2010/texmf-dist/fonts/type1/public/amsfonts/cm/cmss10.pfb></usr/local/texliv
e/2010/texmf-dist/fonts/type1/public/amsfonts/cm/cmsy10.pfb></usr/local/texlive
/2010/texmf-dist/fonts/type1/public/amsfonts/cm/cmtt10.pfb></usr/local/texlive/
2010/texmf-dist/fonts/type1/public/amsfonts/cm/cmtt12.pfb></usr/local/texlive/2
010/texmf-dist/fonts/type1/public/amsfonts/cm/cmtt8.pfb></usr/local/texlive/201
0/texmf-dist/fonts/type1/public/cm-super/sftt1000.pfb>
Output written on pgfSweave-vignette-source.pdf (14 pages, 258654 bytes).
PDF statistics:
 340 PDF objects out of 1000 (max. 8388607)
 298 compressed objects within 3 object streams
 58 named destinations out of 1000 (max. 500000)
 199 words of extra memory for PDF output out of 10000 (max. 10000000)

