\BOOKMARK [1][-]{section.1}{Introduction}{}% 1
\BOOKMARK [1][-]{section.2}{Motivation and Background}{}% 2
\BOOKMARK [1][-]{section.3}{System Requirements}{}% 3
\BOOKMARK [2][-]{subsection.3.1}{Windows specific requirements}{section.3}% 4
\BOOKMARK [1][-]{section.4}{Usage}{}% 5
\BOOKMARK [2][-]{subsection.4.1}{The tikz option}{section.4}% 6
\BOOKMARK [2][-]{subsection.4.2}{The pgf option}{section.4}% 7
\BOOKMARK [2][-]{subsection.4.3}{The sanitize option}{section.4}% 8
\BOOKMARK [2][-]{subsection.4.4}{The external option}{section.4}% 9
\BOOKMARK [2][-]{subsection.4.5}{The "026E30F pgfrealjobname commmand}{section.4}% 10
\BOOKMARK [2][-]{subsection.4.6}{The tex.driver option \(Externalization Driver\)}{section.4}% 11
\BOOKMARK [2][-]{subsection.4.7}{The highlight option}{section.4}% 12
\BOOKMARK [2][-]{subsection.4.8}{The tidy option}{section.4}% 13
\BOOKMARK [2][-]{subsection.4.9}{Compilation Time}{section.4}% 14
\BOOKMARK [2][-]{subsection.4.10}{A Complete Example}{section.4}% 15
\BOOKMARK [1][-]{section.5}{The Process}{}% 16
\BOOKMARK [1][-]{section.6}{Consistency in style between graphics and text}{}% 17
\BOOKMARK [1][-]{section.7}{Sweave graphic width defaults}{}% 18
\BOOKMARK [1][-]{section.8}{Command line interface}{}% 19
\BOOKMARK [1][-]{section.9}{Frequently Asked Questions}{}% 20
